This file contains any messages produced by compilers while
running configure, to aid debugging if configure makes a mistake.

It was created by configure, which was
generated by GNU Autoconf 2.59.  Invocation command line was

  $ /Users/kaito2/12step/build/binutils-2.19.1/etc/configure --cache-file=./config.cache --with-gnu-as --with-gnu-ld --disable-nls --disable-werror --prefix=/Users/kaito2/12step/tools --program-transform-name=s,^,h8300-elf-, --build=i386-apple-darwin18.7.0 --host=i386-apple-darwin18.7.0 --target=h8300-elf --srcdir=.././etc

## --------- ##
## Platform. ##
## --------- ##

hostname = KaitonoMacBook-Pro.local
uname -m = x86_64
uname -r = 18.7.0
uname -s = Darwin
uname -v = Darwin Kernel Version 18.7.0: Tue Aug 20 16:57:14 PDT 2019; root:xnu-4903.271.2~2/RELEASE_X86_64

/usr/bin/uname -p = i386
/bin/uname -X     = unknown

/bin/arch              = unknown
/usr/bin/arch -k       = unknown
/usr/convex/getsysinfo = unknown
hostinfo               = Mach kernel version:
	 Darwin Kernel Version 18.7.0: Tue Aug 20 16:57:14 PDT 2019; root:xnu-4903.271.2~2/RELEASE_X86_64
Kernel configured for up to 12 processors.
6 processors are physically available.
12 processors are logically available.
Processor type: x86_64h (Intel x86-64h Haswell)
Processors active: 0 1 2 3 4 5 6 7 8 9 10 11
Primary memory available: 32.00 gigabytes
Default processor set: 523 tasks, 3277 threads, 12 processors
Load average: 2.57, Mach factor: 9.41
/bin/machine           = unknown
/usr/bin/oslevel       = unknown
/bin/universe          = unknown

PATH: /Users/kaito2/12step/tools/bin
PATH: /Users/kaito2/.anyenv/envs/nodenv/shims
PATH: /Users/kaito2/develop/google-cloud-sdk/bin
PATH: /usr/local/opt/bison@2.7/bin
PATH: /Users/kaito2/.anyenv/envs/pyenv/shims
PATH: /Users/kaito2/.anyenv/envs/pyenv/bin
PATH: /Users/kaito2/.anyenv/envs/nodenv/shims
PATH: /Users/kaito2/.anyenv/envs/nodenv/bin
PATH: /Users/kaito2/.anyenv/envs/jenv/shims
PATH: /Users/kaito2/.anyenv/envs/jenv/bin
PATH: /Users/kaito2/.anyenv/envs/goenv/shims
PATH: /Users/kaito2/.anyenv/envs/goenv/bin
PATH: /Users/kaito2/.anyenv/bin
PATH: /Users/kaito2/.ghq/bin
PATH: /usr/local/bin
PATH: /usr/bin
PATH: /bin
PATH: /usr/sbin
PATH: /sbin
PATH: /Users/kaito2/12step/tools/bin
PATH: /Users/kaito2/.anyenv/envs/nodenv/shims
PATH: /Users/kaito2/develop/google-cloud-sdk/bin
PATH: /usr/local/opt/bison@2.7/bin
PATH: /Users/kaito2/.anyenv/envs/pyenv/shims
PATH: /Users/kaito2/.anyenv/envs/pyenv/bin
PATH: /Users/kaito2/.anyenv/envs/nodenv/bin
PATH: /Users/kaito2/.anyenv/envs/jenv/shims
PATH: /Users/kaito2/.anyenv/envs/jenv/bin
PATH: /Users/kaito2/.anyenv/envs/goenv/shims
PATH: /Users/kaito2/.anyenv/envs/goenv/bin
PATH: /Users/kaito2/.anyenv/bin
PATH: /Users/kaito2/.ghq/bin
PATH: /Users/kaito2/.zplugin/polaris/bin
PATH: /Users/kaito2/develop/flutter/bin
PATH: /Users/kaito2/develop/flutter/bin


## ----------- ##
## Core tests. ##
## ----------- ##

configure:1138: creating cache ./config.cache
configure:1257: checking for a BSD-compatible install
configure:1312: result: /usr/bin/install -c
configure:1456: creating ./config.status

## ---------------------- ##
## Running config.status. ##
## ---------------------- ##

This file was extended by config.status, which was
generated by GNU Autoconf 2.59.  Invocation command line was

  CONFIG_FILES    = 
  CONFIG_HEADERS  = 
  CONFIG_LINKS    = 
  CONFIG_COMMANDS = 
  $ ./config.status 

on KaitonoMacBook-Pro.local

config.status:635: creating Makefile

## ---------------- ##
## Cache variables. ##
## ---------------- ##

ac_cv_env_build_alias_set=set
ac_cv_env_build_alias_value=i386-apple-darwin18.7.0
ac_cv_env_host_alias_set=set
ac_cv_env_host_alias_value=i386-apple-darwin18.7.0
ac_cv_env_target_alias_set=set
ac_cv_env_target_alias_value=h8300-elf

## ----------------- ##
## Output variables. ##
## ----------------- ##

DEFS='-DPACKAGE_NAME=\"\" -DPACKAGE_TARNAME=\"\" -DPACKAGE_VERSION=\"\" -DPACKAGE_STRING=\"\" -DPACKAGE_BUGREPORT=\"\" '
ECHO_C='ECHO_N=''
ECHO_T=''
INSTALL_DATA='/usr/bin/install -c -m 644'
INSTALL_PROGRAM='/usr/bin/install -c'
INSTALL_SCRIPT='/usr/bin/install -c'
LIBOBJS=''
LIBS=''
LTLIBOBJS=''
PACKAGE_BUGREPORT=''
PACKAGE_NAME=''
PACKAGE_STRING=''
PACKAGE_TARNAME=''
PACKAGE_VERSION=''
PATH_SEPARATOR=':'
SHELL='/bin/sh'
bindir='${exec_prefix}/bin'
build_alias='i386-apple-darwin18.7.0'
datadir='${prefix}/share'
datarootdir='/Users/kaito2/12step/tools/share'
docdir='/Users/kaito2/12step/tools/share/doc'
exec_prefix='${prefix}'
host_alias='i386-apple-darwin18.7.0'
htmldir='/Users/kaito2/12step/tools/share/doc'
includedir='${prefix}/include'
infodir='${prefix}/info'
libdir='${exec_prefix}/lib'
libexecdir='${exec_prefix}/libexec'
localstatedir='${prefix}/var'
mandir='${prefix}/man'
oldincludedir='/usr/include'
prefix='/Users/kaito2/12step/tools'
program_transform_name='s,^,h8300-elf-,'
sbindir='${exec_prefix}/sbin'
sharedstatedir='${prefix}/com'
sysconfdir='${prefix}/etc'
target_alias='h8300-elf'

## ----------- ##
## confdefs.h. ##
## ----------- ##

#define PACKAGE_BUGREPORT ""
#define PACKAGE_NAME ""
#define PACKAGE_STRING ""
#define PACKAGE_TARNAME ""
#define PACKAGE_VERSION ""

configure: exit 0
